0 info it worked if it ends with ok
1 verbose cli [ 'E:\\Users\\Joe\\AppData\\Local\\atom\\app-1.3.1\\resources\\app\\apm\\bin\\node.exe',
1 verbose cli   'E:\\Users\\Joe\\AppData\\Local\\atom\\app-1.3.1\\resources\\app\\apm\\node_modules\\npm\\bin\\npm-cli.js',
1 verbose cli   '--globalconfig',
1 verbose cli   'E:\\Users\\Joe\\.atom\\.apm\\.apmrc',
1 verbose cli   '--userconfig',
1 verbose cli   'E:\\Users\\Joe\\.atom\\.apmrc',
1 verbose cli   'install',
1 verbose cli   '--target=0.34.3',
1 verbose cli   '--arch=ia32' ]
2 info using npm@2.13.3
3 info using node@v0.10.40
4 verbose readDependencies loading dependencies from E:\Users\Joe\desktop\wallaroo\wallaroomedia\snippets\wallaroo-styles\package.json
5 error install Couldn't read dependencies
6 verbose stack Error: ENOENT, open 'E:\Users\Joe\desktop\wallaroo\wallaroomedia\snippets\wallaroo-styles\package.json'
7 verbose cwd E:\Users\Joe\desktop\wallaroo\wallaroomedia\snippets\wallaroo-styles
8 error Windows_NT 6.2.9200
9 error argv "E:\\Users\\Joe\\AppData\\Local\\atom\\app-1.3.1\\resources\\app\\apm\\bin\\node.exe" "E:\\Users\\Joe\\AppData\\Local\\atom\\app-1.3.1\\resources\\app\\apm\\node_modules\\npm\\bin\\npm-cli.js" "--globalconfig" "E:\\Users\\Joe\\.atom\\.apm\\.apmrc" "--userconfig" "E:\\Users\\Joe\\.atom\\.apmrc" "install" "--target=0.34.3" "--arch=ia32"
10 error node v0.10.40
11 error npm  v2.13.3
12 error path E:\Users\Joe\desktop\wallaroo\wallaroomedia\snippets\wallaroo-styles\package.json
13 error code ENOPACKAGEJSON
14 error errno 34
15 error package.json ENOENT, open 'E:\Users\Joe\desktop\wallaroo\wallaroomedia\snippets\wallaroo-styles\package.json'
15 error package.json This is most likely not a problem with npm itself.
15 error package.json npm can't find a package.json file in your current directory.
16 verbose exit [ 34, true ]
